Arguments: 
  C:\Program Files\nodejs\node.exe C:\Users\ivn\AppData\Roaming\npm\node_modules\yarn\bin\yarn.js add thmclrx

PATH: 
  %CommonProgramFiles%\Microsoft Shared\Windows Live;C:\Python27\;C:\Python27\Scripts;C:\Windows\system32;C:\Windows;C:\Windows\System32\Wbem;C:\Windows\System32\WindowsPowerShell\v1.0\;C:\Program Files\TortoiseSVN\bin;C:\Program Files (x86)\Java\jdk1.7.0_55\bin;C:\Program Files (x86)\Java\jdk1.7.0_55\jre\bin;C:\xampp\php\php.exe;C:\Program Files\nodejs\;D:\Android\android-sdk_r24.1.2-windows\android-sdk-windows\tools;D:\Android\android-sdk_r24.1.2-windows\android-sdk-windows\platform-tools;D:\apache-ant-1.9.6\bin;C:\Program Files\Common Files\Autodesk Shared\;C:\Program Files\Git\cmd;C:\Program Files (x86)\HP\IdrsOCR_15.2.10.1114\;C:\Program Files\Common Files\Microsoft Shared\Windows Live;C:\Program Files (x86)\Git\cmd;D:\Android\android-sdk_r24.1.2-windows\android-sdk-windows\tools;D:\Android\android-sdk_r24.1.2-windows\android-sdk-windows\platform-tools;D:\Program Files\Microsoft VS Code\bin;C:\Users\ivn\AppData\Roaming\npm

Yarn version: 
  1.16.0

Node version: 
  10.15.0

Platform: 
  win32 x64

Trace: 
  Error: connect ETIMEDOUT 104.16.20.35:443
      at TCPConnectWrap.afterConnect [as oncomplete] (net.js:1117:14)

npm manifest: 
  {
    "name": "egg-example",
    "version": "1.0.0",
    "description": "egg example",
    "main": "index.js",
    "scripts": {
      "debug": "egg-bin debug",
      "dev": "egg-bin dev --port 7001",
      "test": "egg-bin test",
      "cov": "egg-bin cov",
      "start": "egg-scripts start --port=80 --daemon",
      "stop": "egg-scripts stop",
      "test1": "echo \"Error: no test specified\" && exit 1"
    },
    "keywords": [
      "egg"
    ],
    "author": "ivan",
    "license": "ISC",
    "dependencies": {
      "await-stream-ready": "^1.0.1",
      "egg": "^2.11.2",
      "egg-mysql": "^3.0.0",
      "egg-redis": "^2.0.0",
      "egg-scripts": "^2.10.0",
      "egg-session-redis": "^2.1.0",
      "egg-validate": "^2.0.2",
      "egg-view-nunjucks": "^2.2.0",
      "ejs": "^2.6.1",
      "ejsexcel": "^3.5.3",
      "ftp": "^0.3.10",
      "hashids": "^1.2.2",
      "iconv-lite": "^0.4.24",
      "jsftp": "^2.1.3",
      "jshashes": "^1.0.7",
      "koa-is-json": "^1.0.0",
      "moment": "^2.22.2",
      "ms": "^2.1.1",
      "mz": "^2.7.0",
      "stream-wormhole": "^1.1.0",
      "svg-captcha": "^1.3.12",
      "uuid": "^3.3.2",
      "xml2js": "^0.4.19",
      "zlib": "^1.0.5"
    },
    "devDependencies": {
      "egg-bin": "^4.9.0",
      "egg-mock": "^3.20.1"
    }
  }

yarn manifest: 
  No manifest

Lockfile: 
  No lockfile
